<?xml version="1.0" encoding="UTF-8"?>
<!-- Generated by org.testng.reporters.JUnitXMLReporter -->
<testsuite ignored="10" hostname="LAPTOP-G5KEBRKS" failures="1" tests="6" name="Test" time="100.187" errors="0" timestamp="2022-07-20T10:39:19 IST">
  <testcase classname="org.shoppingportal.admin.manageproduct.EditProductToWishlist" name="editProductToWishlist" time="11.815"/>
  <testcase classname="org.shoppingportal.admin.manageproduct.EditProductToOrderHistory" name="editProductToOrderHistory" time="13.633"/>
  <testcase classname="org.shoppingportal.admin.manageproduct.EditProductToCart" name="editProductToCart" time="10.101"/>
  <testcase classname="org.shoppingportal.admin.manageproduct.EditProductToUserSubCategory" name="editProductToUserSubCategory" time="9.343">
    <failure type="java.lang.AssertionError" message="The following asserts failed:
	expected [true] but found [false]">
      <![CDATA[java.lang.AssertionError: The following asserts failed:
expected [true] but found [false]
at org.shoppingportal.admin.manageproduct.EditProductToUserSubCategory.editProductToUserSubCategory(EditProductToUserSubCategory.java:29)
at java.base/java.util.ArrayList.forEach(ArrayList.java:1511)
... Removed 29 stack frames]]>
    </failure>
  </testcase> <!-- editProductToUserSubCategory -->
  <testcase classname="org.shoppingportal.admin.manageproduct.EditProductToManageProduct" name="editProductToManageProduct" time="7.259"/>
  <testcase classname="org.shoppingportal.admin.manageproduct.EditProductToProductDetails" name="editProductToProductDetails" time="9.446"/>
  <testcase classname="org.yantra.genericUtility.BaseClass" name="@BeforeSuite suiteSetup" time="0.0">
    <ignored/>
  </testcase> <!-- @BeforeSuite suiteSetup -->
  <testcase classname="org.yantra.genericUtility.BaseClass" name="@BeforeSuite suiteSetup" time="0.0">
    <ignored/>
  </testcase> <!-- @BeforeSuite suiteSetup -->
  <testcase classname="org.yantra.genericUtility.BaseClass" name="@BeforeSuite suiteSetup" time="0.0">
    <ignored/>
  </testcase> <!-- @BeforeSuite suiteSetup -->
  <testcase classname="org.yantra.genericUtility.BaseClass" name="@AfterSuite suiteTearDown" time="0.0">
    <ignored/>
  </testcase> <!-- @AfterSuite suiteTearDown -->
  <testcase classname="org.yantra.genericUtility.BaseClass" name="@AfterSuite suiteTearDown" time="0.0">
    <ignored/>
  </testcase> <!-- @AfterSuite suiteTearDown -->
  <testcase classname="org.yantra.genericUtility.BaseClass" name="@BeforeSuite suiteSetup" time="0.0">
    <ignored/>
  </testcase> <!-- @BeforeSuite suiteSetup -->
  <testcase classname="org.yantra.genericUtility.BaseClass" name="@AfterSuite suiteTearDown" time="0.0">
    <ignored/>
  </testcase> <!-- @AfterSuite suiteTearDown -->
  <testcase classname="org.yantra.genericUtility.BaseClass" name="@BeforeSuite suiteSetup" time="0.0">
    <ignored/>
  </testcase> <!-- @BeforeSuite suiteSetup -->
  <testcase classname="org.yantra.genericUtility.BaseClass" name="@AfterSuite suiteTearDown" time="0.0">
    <ignored/>
  </testcase> <!-- @AfterSuite suiteTearDown -->
  <testcase classname="org.yantra.genericUtility.BaseClass" name="@AfterSuite suiteTearDown" time="0.0">
    <ignored/>
  </testcase> <!-- @AfterSuite suiteTearDown -->
</testsuite> <!-- Test -->
